<?xml version="1.0" encoding="UTF-8"?>
<!-- Generated by org.testng.reporters.JUnitXMLReporter -->
<testsuite ignored="12" hostname="DESKTOP-LUB2V8I" failures="0" tests="6" name="RestAssured" time="11.246" errors="0" timestamp="2023-02-16T08:25:54 PST">
  <testcase classname="RestAssured.Authenticate" name="CheckAuth" time="4.968"/>
  <testcase classname="RestAssured.Authenticate" name="CheckInvalidAuth" time="0.501"/>
  <testcase classname="RestAssured.FetchTODOList" name="FetchTODOList" time="0.835"/>
  <testcase classname="RestAssured.CreateTODO" name="createTODO" time="0.86"/>
  <testcase classname="RestAssured.DeleteTODO" name="createTempTODO" time="0.426"/>
  <testcase classname="RestAssured.DeleteTODO" name="deleteTODO" time="0.814"/>
  <testcase classname="Base.BaseRest" name="@BeforeSuite setBaseURI" time="0.0">
    <ignored/>
  </testcase> <!-- @BeforeSuite setBaseURI -->
  <testcase classname="ExtentReportBase.BaseExtent" name="@AfterSuite tearDown" time="0.0">
    <ignored/>
  </testcase> <!-- @AfterSuite tearDown -->
  <testcase classname="Base.BaseRest" name="@BeforeSuite setBaseURI" time="0.0">
    <ignored/>
  </testcase> <!-- @BeforeSuite setBaseURI -->
  <testcase classname="utility.FrameworkUtility" name="@BeforeTest TestStart" time="0.0">
    <ignored/>
  </testcase> <!-- @BeforeTest TestStart -->
  <testcase classname="utility.FrameworkUtility" name="@BeforeTest TestStart" time="0.0">
    <ignored/>
  </testcase> <!-- @BeforeTest TestStart -->
  <testcase classname="ExtentReportBase.BaseExtent" name="@AfterSuite tearDown" time="0.0">
    <ignored/>
  </testcase> <!-- @AfterSuite tearDown -->
  <testcase classname="utility.FrameworkUtility" name="@BeforeTest TestStart" time="0.0">
    <ignored/>
  </testcase> <!-- @BeforeTest TestStart -->
  <testcase classname="ExtentReportBase.BaseExtent" name="@AfterSuite tearDown" time="0.0">
    <ignored/>
  </testcase> <!-- @AfterSuite tearDown -->
  <testcase classname="Base.BaseRest" name="@BeforeSuite setBaseURI" time="0.0">
    <ignored/>
  </testcase> <!-- @BeforeSuite setBaseURI -->
  <testcase classname="ExtentReportBase.BaseExtent" name="@BeforeSuite setup" time="0.0">
    <ignored/>
  </testcase> <!-- @BeforeSuite setup -->
  <testcase classname="ExtentReportBase.BaseExtent" name="@BeforeSuite setup" time="0.0">
    <ignored/>
  </testcase> <!-- @BeforeSuite setup -->
  <testcase classname="ExtentReportBase.BaseExtent" name="@BeforeSuite setup" time="0.0">
    <ignored/>
  </testcase> <!-- @BeforeSuite setup -->
</testsuite> <!-- RestAssured -->
