<?xml version="1.0" encoding="UTF-8"?>
<!-- Generated by org.testng.reporters.JUnitXMLReporter -->
<testsuite ignored="40" hostname="DESKTOP-LUB2V8I" failures="0" tests="10" name="Test" time="19.73" errors="0" timestamp="2023-02-17T23:35:14 PST">
  <testcase classname="RestAssured.Authenticate" name="CheckAuth" time="3.01"/>
  <testcase classname="RestAssured.Authenticate" name="CheckInvalidAuth" time="0.426"/>
  <testcase classname="RestAssured.FetchTODOList" name="FetchTODOList" time="0.204"/>
  <testcase classname="RestAssured.DeleteTODO" name="CreateTempTODO" time="1.003"/>
  <testcase classname="RestAssured.DeleteTODO" name="DeleteTODO" time="0.897"/>
  <testcase classname="RestAssured.CreateTODO" name="CreateTODO" time="0.459"/>
  <testcase classname="Web.TestCases.tCreateItem" name="CreateItemTest" time="7.045"/>
  <testcase classname="Web.TestCases.tUpdateItem" name="UpdateItemTest" time="1.145"/>
  <testcase classname="Web.TestCases.tDeleteItem" name="DeleteItemTest" time="0.938"/>
  <testcase classname="Web.TestCases.tListItems" name="ListItems" time="2.991"/>
  <testcase classname="utility.FrameworkUtility" name="@BeforeTest TestStart" time="0.0">
    <ignored/>
  </testcase> <!-- @BeforeTest TestStart -->
  <testcase classname="utility.FrameworkUtility" name="@BeforeSuite SuiteStart" time="0.0">
    <ignored/>
  </testcase> <!-- @BeforeSuite SuiteStart -->
  <testcase classname="utility.FrameworkUtility" name="@BeforeSuite SuiteStart" time="0.0">
    <ignored/>
  </testcase> <!-- @BeforeSuite SuiteStart -->
  <testcase classname="ExtentReportBase.BaseExtent" name="@BeforeSuite setup" time="0.0">
    <ignored/>
  </testcase> <!-- @BeforeSuite setup -->
  <testcase classname="Base.BaseClass" name="@BeforeSuite setBaseURI" time="0.0">
    <ignored/>
  </testcase> <!-- @BeforeSuite setBaseURI -->
  <testcase classname="utility.FrameworkUtility" name="@BeforeTest TestStart" time="0.0">
    <ignored/>
  </testcase> <!-- @BeforeTest TestStart -->
  <testcase classname="utility.FrameworkUtility" name="@BeforeSuite SuiteStart" time="0.0">
    <ignored/>
  </testcase> <!-- @BeforeSuite SuiteStart -->
  <testcase classname="utility.FrameworkUtility" name="@BeforeTest TestStart" time="0.0">
    <ignored/>
  </testcase> <!-- @BeforeTest TestStart -->
  <testcase classname="utility.FrameworkUtility" name="@BeforeTest TestStart" time="0.0">
    <ignored/>
  </testcase> <!-- @BeforeTest TestStart -->
  <testcase classname="ExtentReportBase.BaseExtent" name="@AfterSuite tearDown" time="0.0">
    <ignored/>
  </testcase> <!-- @AfterSuite tearDown -->
  <testcase classname="utility.FrameworkUtility" name="@BeforeSuite SuiteStart" time="0.0">
    <ignored/>
  </testcase> <!-- @BeforeSuite SuiteStart -->
  <testcase classname="utility.FrameworkUtility" name="@BeforeSuite SuiteStart" time="0.0">
    <ignored/>
  </testcase> <!-- @BeforeSuite SuiteStart -->
  <testcase classname="ExtentReportBase.BaseExtent" name="@BeforeSuite setup" time="0.0">
    <ignored/>
  </testcase> <!-- @BeforeSuite setup -->
  <testcase classname="utility.FrameworkUtility" name="@BeforeTest TestStart" time="0.0">
    <ignored/>
  </testcase> <!-- @BeforeTest TestStart -->
  <testcase classname="ExtentReportBase.BaseExtent" name="@AfterSuite tearDown" time="0.0">
    <ignored/>
  </testcase> <!-- @AfterSuite tearDown -->
  <testcase classname="ExtentReportBase.BaseExtent" name="@BeforeSuite setup" time="0.0">
    <ignored/>
  </testcase> <!-- @BeforeSuite setup -->
  <testcase classname="ExtentReportBase.BaseExtent" name="@BeforeSuite setup" time="0.0">
    <ignored/>
  </testcase> <!-- @BeforeSuite setup -->
  <testcase classname="ExtentReportBase.BaseExtent" name="@AfterSuite tearDown" time="0.0">
    <ignored/>
  </testcase> <!-- @AfterSuite tearDown -->
  <testcase classname="ExtentReportBase.BaseExtent" name="@BeforeSuite setup" time="0.0">
    <ignored/>
  </testcase> <!-- @BeforeSuite setup -->
  <testcase classname="Base.BaseClass" name="@BeforeSuite setBaseURI" time="0.0">
    <ignored/>
  </testcase> <!-- @BeforeSuite setBaseURI -->
  <testcase classname="ExtentReportBase.BaseExtent" name="@BeforeSuite setup" time="0.0">
    <ignored/>
  </testcase> <!-- @BeforeSuite setup -->
  <testcase classname="ExtentReportBase.BaseExtent" name="@AfterSuite tearDown" time="0.0">
    <ignored/>
  </testcase> <!-- @AfterSuite tearDown -->
  <testcase classname="Base.BaseClass" name="@BeforeSuite setBaseURI" time="0.0">
    <ignored/>
  </testcase> <!-- @BeforeSuite setBaseURI -->
  <testcase classname="utility.FrameworkUtility" name="@BeforeTest TestStart" time="0.0">
    <ignored/>
  </testcase> <!-- @BeforeTest TestStart -->
  <testcase classname="Base.BaseClass" name="@BeforeSuite setBaseURI" time="0.0">
    <ignored/>
  </testcase> <!-- @BeforeSuite setBaseURI -->
  <testcase classname="ExtentReportBase.BaseExtent" name="@BeforeSuite setup" time="0.0">
    <ignored/>
  </testcase> <!-- @BeforeSuite setup -->
  <testcase classname="Base.BaseClass" name="@BeforeSuite setBaseURI" time="0.0">
    <ignored/>
  </testcase> <!-- @BeforeSuite setBaseURI -->
  <testcase classname="Base.BaseClass" name="@BeforeSuite setBaseURI" time="0.0">
    <ignored/>
  </testcase> <!-- @BeforeSuite setBaseURI -->
  <testcase classname="ExtentReportBase.BaseExtent" name="@BeforeSuite setup" time="0.0">
    <ignored/>
  </testcase> <!-- @BeforeSuite setup -->
  <testcase classname="utility.FrameworkUtility" name="@BeforeSuite SuiteStart" time="0.0">
    <ignored/>
  </testcase> <!-- @BeforeSuite SuiteStart -->
  <testcase classname="Base.BaseClass" name="@BeforeSuite setBaseURI" time="0.0">
    <ignored/>
  </testcase> <!-- @BeforeSuite setBaseURI -->
  <testcase classname="utility.FrameworkUtility" name="@BeforeSuite SuiteStart" time="0.0">
    <ignored/>
  </testcase> <!-- @BeforeSuite SuiteStart -->
  <testcase classname="ExtentReportBase.BaseExtent" name="@AfterSuite tearDown" time="0.0">
    <ignored/>
  </testcase> <!-- @AfterSuite tearDown -->
  <testcase classname="utility.FrameworkUtility" name="@BeforeSuite SuiteStart" time="0.0">
    <ignored/>
  </testcase> <!-- @BeforeSuite SuiteStart -->
  <testcase classname="utility.FrameworkUtility" name="@BeforeTest TestStart" time="0.0">
    <ignored/>
  </testcase> <!-- @BeforeTest TestStart -->
  <testcase classname="ExtentReportBase.BaseExtent" name="@AfterSuite tearDown" time="0.0">
    <ignored/>
  </testcase> <!-- @AfterSuite tearDown -->
  <testcase classname="ExtentReportBase.BaseExtent" name="@AfterSuite tearDown" time="0.0">
    <ignored/>
  </testcase> <!-- @AfterSuite tearDown -->
  <testcase classname="Base.BaseClass" name="@BeforeSuite setBaseURI" time="0.0">
    <ignored/>
  </testcase> <!-- @BeforeSuite setBaseURI -->
  <testcase classname="ExtentReportBase.BaseExtent" name="@AfterSuite tearDown" time="0.0">
    <ignored/>
  </testcase> <!-- @AfterSuite tearDown -->
  <testcase classname="utility.FrameworkUtility" name="@BeforeTest TestStart" time="0.0">
    <ignored/>
  </testcase> <!-- @BeforeTest TestStart -->
</testsuite> <!-- Test -->
